<?xml version="1.0" encoding="UTF-8"?>
<!-- Generated by org.testng.reporters.JUnitReportReporter -->
<testsuite hostname="Praveen" failures="0" tests="5" name="testCases.TC_003_LoginDDT" time="36.055" errors="0" timestamp="2024-04-02T17:56:19 IST" skipped="0">
  <testcase classname="testCases.TC_003_LoginDDT" name="verify_LoginDDT" time="10.830"/>
  <testcase classname="testCases.TC_003_LoginDDT" name="verify_LoginDDT" time="11.040"/>
  <testcase classname="testCases.TC_003_LoginDDT" name="verify_LoginDDT" time="11.053"/>
  <testcase classname="testCases.TC_003_LoginDDT" name="verify_LoginDDT" time="1.464"/>
  <testcase classname="testCases.TC_003_LoginDDT" name="verify_LoginDDT" time="1.668"/>
</testsuite> <!-- testCases.TC_003_LoginDDT -->
