<?xml version="1.0" encoding="UTF-8"?>
<!-- Generated by org.testng.reporters.JUnitReportReporter -->
<testsuite hostname="Praveen" failures="0" tests="1" name="testCases.TC_004_SearchProductTest" time="0.525" errors="0" timestamp="2024-04-11T15:44:42 IST" skipped="0">
  <testcase classname="testCases.TC_004_SearchProductTest" name="verify_pruductSearch" time="0.525"/>
</testsuite> <!-- testCases.TC_004_SearchProductTest -->
