<?xml version="1.0" encoding="UTF-8"?>
<!-- Generated by org.testng.reporters.JUnitReportReporter -->
<testsuite hostname="Praveen" failures="0" tests="1" name="testCases.TC_001_AccountRegistrationTest" time="1.480" errors="0" timestamp="2024-04-11T15:44:42 IST" skipped="0">
  <testcase classname="testCases.TC_001_AccountRegistrationTest" name="verify_account_registration" time="1.480"/>
</testsuite> <!-- testCases.TC_001_AccountRegistrationTest -->
